[   19204ms] [INFO] Slow network is detected. See https://www.chromestatus.com/feature/5636954674692096 for more details. Fallback font will be used while loading: https://www.apple.com/wss/fonts/SF-Pro-Text/v3/sf-pro-text_regular.woff2 @ https://appleid.cdn-apple.com/appleauth/static/jsj/1614760265/profile/app.js:672
[   19204ms] [INFO] Slow network is detected. See https://www.chromestatus.com/feature/5636954674692096 for more details. Fallback font will be used while loading: https://www.apple.com/wss/fonts/SF-Pro-SC/v1/PingFangSC-Semibold.woff2 @ https://appleid.cdn-apple.com/appleauth/static/jsj/1614760265/profile/app.js:672
[   19204ms] [INFO] Slow network is detected. See https://www.chromestatus.com/feature/5636954674692096 for more details. Fallback font will be used while loading: https://www.apple.com/wss/fonts/SF-Pro-Display/v3/sf-pro-display_semibold.woff2 @ https://appleid.cdn-apple.com/appleauth/static/jsj/1614760265/profile/app.js:672
[   19313ms] [VERBOSE] [DOM] Password field is not contained in a form: (More info: https://goo.gl/9p2vKq) %o @ https://appleid.apple.com/auth/authorize?client_id=com.github.social-oidc&redirect_uri=https%3A%2F%2Fgithub.com%2Fsessions%2Fsocial%2Fapple%2Fcallback&nonce=58d80b77ab6768d4a2972fefda1c861c&state=ec13ca0b31c72f97c4d20e91ee71df69&scope=email&response_mode=form_post&response_type=code:0
[   22363ms] [INFO] Slow network is detected. See https://www.chromestatus.com/feature/5636954674692096 for more details. Fallback font will be used while loading: https://www.apple.com/wss/fonts/SF-Pro-Icons/v3/sf-pro-icons_regular.woff2 @ https://appleid.apple.com/auth/authorize?client_id=com.github.social-oidc&redirect_uri=https%3A%2F%2Fgithub.com%2Fsessions%2Fsocial%2Fapple%2Fcallback&nonce=58d80b77ab6768d4a2972fefda1c861c&state=ec13ca0b31c72f97c4d20e91ee71df69&scope=email&response_mode=form_post&response_type=code:0
[   22367ms] [INFO] Slow network is detected. See https://www.chromestatus.com/feature/5636954674692096 for more details. Fallback font will be used while loading: https://www.apple.com/wss/fonts/Myriad-Set-Pro/v2/myriad-set-pro_text.woff @ https://appleid.apple.com/auth/authorize?client_id=com.github.social-oidc&redirect_uri=https%3A%2F%2Fgithub.com%2Fsessions%2Fsocial%2Fapple%2Fcallback&nonce=58d80b77ab6768d4a2972fefda1c861c&state=ec13ca0b31c72f97c4d20e91ee71df69&scope=email&response_mode=form_post&response_type=code:0
[   22438ms] [INFO] Slow network is detected. See https://www.chromestatus.com/feature/5636954674692096 for more details. Fallback font will be used while loading: https://www.apple.com/wss/fonts/SF-Pro-Icons/v3/sf-pro-icons_semibold.woff2 @ https://appleid.apple.com/auth/authorize?client_id=com.github.social-oidc&redirect_uri=https%3A%2F%2Fgithub.com%2Fsessions%2Fsocial%2Fapple%2Fcallback&nonce=58d80b77ab6768d4a2972fefda1c861c&state=ec13ca0b31c72f97c4d20e91ee71df69&scope=email&response_mode=form_post&response_type=code:0
[   22481ms] [INFO] Slow network is detected. See https://www.chromestatus.com/feature/5636954674692096 for more details. Fallback font will be used while loading: https://www.apple.com/wss/fonts/SF-Pro-Text/v3/sf-pro-text_semibold.woff2 @ https://appleid.apple.com/auth/authorize?client_id=com.github.social-oidc&redirect_uri=https%3A%2F%2Fgithub.com%2Fsessions%2Fsocial%2Fapple%2Fcallback&nonce=58d80b77ab6768d4a2972fefda1c861c&state=ec13ca0b31c72f97c4d20e91ee71df69&scope=email&response_mode=form_post&response_type=code:0
[   23200ms] [INFO] Slow network is detected. See https://www.chromestatus.com/feature/5636954674692096 for more details. Fallback font will be used while loading: https://www.apple.com/ac/globalfooter/7/zh_CN/assets/ac-footer/legacy/appleicons_text.woff @ https://appleid.apple.com/auth/authorize?client_id=com.github.social-oidc&redirect_uri=https%3A%2F%2Fgithub.com%2Fsessions%2Fsocial%2Fapple%2Fcallback&nonce=58d80b77ab6768d4a2972fefda1c861c&state=ec13ca0b31c72f97c4d20e91ee71df69&scope=email&response_mode=form_post&response_type=code:0
[   24847ms] [ERROR] Access to font at 'https://www.apple.com/ac/globalfooter/7/zh_CN/assets/ac-footer/legacy/appleicons_text.woff' from origin 'https://appleid.apple.com' has been blocked by CORS policy: No 'Access-Control-Allow-Origin' header is present on the requested resource. @ https://appleid.apple.com/auth/authorize?client_id=com.github.social-oidc&redirect_uri=https%3A%2F%2Fgithub.com%2Fsessions%2Fsocial%2Fapple%2Fcallback&nonce=58d80b77ab6768d4a2972fefda1c861c&state=ec13ca0b31c72f97c4d20e91ee71df69&scope=email&response_mode=form_post&response_type=code:0
[   24847ms] [INFO] Slow network is detected. See https://www.chromestatus.com/feature/5636954674692096 for more details. Fallback font will be used while loading: https://www.apple.com/ac/globalfooter/7/zh_CN/assets/ac-footer/legacy/appleicons_text.ttf @ https://appleid.apple.com/auth/authorize?client_id=com.github.social-oidc&redirect_uri=https%3A%2F%2Fgithub.com%2Fsessions%2Fsocial%2Fapple%2Fcallback&nonce=58d80b77ab6768d4a2972fefda1c861c&state=ec13ca0b31c72f97c4d20e91ee71df69&scope=email&response_mode=form_post&response_type=code:0
[   24847ms] [ERROR] Failed to load resource: net::ERR_FAILED @ https://www.apple.com/ac/globalfooter/7/zh_CN/assets/ac-footer/legacy/appleicons_text.woff:0
[   25163ms] [ERROR] Access to font at 'https://www.apple.com/ac/globalfooter/7/zh_CN/assets/ac-footer/legacy/appleicons_text.ttf' from origin 'https://appleid.apple.com' has been blocked by CORS policy: No 'Access-Control-Allow-Origin' header is present on the requested resource. @ https://appleid.apple.com/auth/authorize?client_id=com.github.social-oidc&redirect_uri=https%3A%2F%2Fgithub.com%2Fsessions%2Fsocial%2Fapple%2Fcallback&nonce=58d80b77ab6768d4a2972fefda1c861c&state=ec13ca0b31c72f97c4d20e91ee71df69&scope=email&response_mode=form_post&response_type=code:0
[   25163ms] [ERROR] Failed to load resource: net::ERR_FAILED @ https://www.apple.com/ac/globalfooter/7/zh_CN/assets/ac-footer/legacy/appleicons_text.ttf:0
[   63010ms] [ERROR] Failed to load resource: the server responded with a status of 401 () @ https://appleid.apple.com/appleauth/auth/signin/complete?isRememberMeEnabled=false:0
[   78718ms] [ERROR] Failed to load resource: the server responded with a status of 401 () @ https://appleid.apple.com/appleauth/auth/signin/complete?isRememberMeEnabled=false:0
[  117632ms] [ERROR] Failed to load resource: the server responded with a status of 409 () @ https://appleid.apple.com/appleauth/auth/signin/complete?isRememberMeEnabled=false:0
[  120231ms] [INFO] Slow network is detected. See https://www.chromestatus.com/feature/5636954674692096 for more details. Fallback font will be used while loading: https://www.apple.com/wss/fonts/SF-Pro-Display/v3/sf-pro-display_regular.woff2 @ https://appleid.apple.com/auth/authorize?client_id=com.github.social-oidc&redirect_uri=https%3A%2F%2Fgithub.com%2Fsessions%2Fsocial%2Fapple%2Fcallback&nonce=58d80b77ab6768d4a2972fefda1c861c&state=ec13ca0b31c72f97c4d20e91ee71df69&scope=email&response_mode=form_post&response_type=code:0
[  157155ms] [ERROR] Failed to load resource: the server responded with a status of 503 () @ https://collector.github.com/github/collect:0
[  157563ms] [ERROR] Failed to load resource: the server responded with a status of 503 () @ https://collector.github.com/github/collect:0
[  158393ms] [ERROR] Failed to load resource: the server responded with a status of 503 () @ https://collector.github.com/github/collect:0
[  161697ms] [ERROR] Failed to load resource: the server responded with a status of 503 () @ https://collector.github.com/github/collect:0
[  161707ms] [ERROR] Failed to load resource: the server responded with a status of 503 () @ https://collector.github.com/github/collect:0
[  164935ms] [ERROR] Failed to load resource: the server responded with a status of 503 () @ https://collector.github.com/github/collect:0
[  172975ms] [ERROR] Failed to load resource: the server responded with a status of 503 () @ https://collector.github.com/github/collect:0
[  176405ms] [ERROR] Failed to load resource: the server responded with a status of 503 () @ https://collector.github.com/github/collect:0
[  177816ms] [ERROR] Failed to load resource: the server responded with a status of 503 () @ https://collector.github.com/github/collect:0
[  191562ms] [ERROR] Failed to load resource: the server responded with a status of 503 () @ https://collector.github.com/github/collect:0
[  191692ms] [ERROR] Failed to load resource: the server responded with a status of 503 () @ https://collector.github.com/github/collect:0
[  192353ms] [ERROR] Failed to load resource: the server responded with a status of 503 () @ https://collector.github.com/github/collect:0
[  192357ms] [ERROR] Failed to load resource: the server responded with a status of 503 () @ https://collector.github.com/github/collect:0
[  195625ms] [ERROR] Failed to load resource: the server responded with a status of 503 () @ https://collector.github.com/github/collect:0
[  206779ms] [ERROR] Failed to load resource: the server responded with a status of 503 () @ https://collector.github.com/github/collect:0
